* Convertendo arquivo C:\Projetos\Segurança\Controle Contra Cópia\Lazarus\Project1.dpr *
Adicionada definições -dBorland -dVer150 -dDelphi7 -dCompiler6_Up -dPUREPASCAL nas opções customizadas
Todos os arquivos de unidade encontrados
* Reparando unidades usadas para o arquivo C:\Projetos\Segurança\Controle Contra Cópia\Lazarus\Project1.dpr *

*** Arquivos de unidade sendo convertidos pertencentes ao projeto/pacote ***
* Convertendo arquivo C:\Projetos\Segurança\Controle Contra Cópia\Lazarus\Unit1.pas *
Codificação alterada de cp1252 para UTF-8
Unidade "Windows" substituída com "LCLIntf, LCLType, LMessages" na seção "uses".
Replaced call FileExists('C:\T2Ti\Chaves\' + EditChaveHD.Text + '.ini') with FileExistsUTF8('C:\T2Ti\Chaves\' + EditChaveHD.Text + '.ini') { *Converted from FileExists* }
Added unit FileUtil to uses section
Replaced call ForceDirectories('C:\T2Ti\Chaves'); with ForceDirectoriesUTF8('C:\T2Ti\Chaves'); { *Converted from ForceDirectories* }
Replaced call ForceDirectories('C:\T2Ti\Chaves'); with ForceDirectoriesUTF8('C:\T2Ti\Chaves'); { *Converted from ForceDirectories* }
Replaced call FileExists('C:\meuarquivo.dll') with FileExistsUTF8('C:\meuarquivo.dll') { *Converted from FileExists* }
* Convertendo arquivo C:\Projetos\Segurança\Controle Contra Cópia\Lazarus\Biblioteca.pas *
Codificação alterada de cp1252 para UTF-8
Unidade "SqlExpr" substituída com "sqldb" na seção "uses".
Unidade "Dbtables" removida na seção "uses".
Unidade "Windows" substituída com "LCLIntf, LCLType, LMessages" na seção "uses".
Replaced call FindFirst(fileName, faAnyFile, SearchRec) with FindFirstUTF8(fileName,faAnyFile,SearchRec) { *Converted from FindFirst* }
Added unit FileUtil to uses section

*** Corriginfo unidades usadas e reparando arquivos de formulários ***
* Reparando arquivo formulário C:\Projetos\Segurança\Controle Contra Cópia\Lazarus\Unit1.lfm *
Removed property "ParentBackground".
Removed property "TextHeight".
Removed property "OldCreateOrder".
Changed Top coord of TLabeledEdit from "26" to "12" inside TGroupBox.
Changed Left coord of TLabeledEdit from "79" to "77" inside TGroupBox.
Changed Top coord of TButton from "22" to "8" inside TGroupBox.
Changed Left coord of TButton from "16" to "14" inside TGroupBox.
Changed Top coord of TButton from "120" to "106" inside TGroupBox.
Changed Left coord of TButton from "159" to "157" inside TGroupBox.
Changed Top coord of TLabeledEdit from "85" to "71" inside TGroupBox.
Changed Left coord of TLabeledEdit from "16" to "14" inside TGroupBox.
Changed Top coord of TLabeledEdit from "42" to "28" inside TGroupBox.
Changed Left coord of TLabeledEdit from "16" to "14" inside TGroupBox.
Changed Top coord of TButton from "120" to "106" inside TGroupBox.
Changed Left coord of TButton from "16" to "14" inside TGroupBox.
Changed Top coord of TButton from "112" to "98" inside TGroupBox.
Changed Left coord of TButton from "159" to "157" inside TGroupBox.
Changed Top coord of TLabeledEdit from "77" to "63" inside TGroupBox.
Changed Left coord of TLabeledEdit from "16" to "14" inside TGroupBox.
Changed Top coord of TLabeledEdit from "34" to "20" inside TGroupBox.
Changed Left coord of TLabeledEdit from "16" to "14" inside TGroupBox.
Changed Top coord of TButton from "112" to "98" inside TGroupBox.
Changed Left coord of TButton from "16" to "14" inside TGroupBox.
Changed Top coord of TButton from "112" to "98" inside TGroupBox.
Changed Left coord of TButton from "159" to "157" inside TGroupBox.
Changed Top coord of TLabeledEdit from "77" to "63" inside TGroupBox.
Changed Left coord of TLabeledEdit from "16" to "14" inside TGroupBox.
Changed Top coord of TLabeledEdit from "34" to "20" inside TGroupBox.
Changed Left coord of TLabeledEdit from "16" to "14" inside TGroupBox.
Changed Top coord of TButton from "112" to "98" inside TGroupBox.
Changed Left coord of TButton from "16" to "14" inside TGroupBox.
Changed Top coord of TButton from "98" to "84" inside TGroupBox.
Changed Left coord of TButton from "160" to "158" inside TGroupBox.
Changed Top coord of TButton from "98" to "84" inside TGroupBox.
Changed Left coord of TButton from "16" to "14" inside TGroupBox.
Changed Top coord of TButton from "67" to "53" inside TGroupBox.
Changed Left coord of TButton from "160" to "158" inside TGroupBox.
Changed Top coord of TButton from "67" to "53" inside TGroupBox.
Changed Left coord of TButton from "16" to "14" inside TGroupBox.
Changed Top coord of TLabeledEdit from "40" to "26" inside TGroupBox.
Changed Left coord of TLabeledEdit from "160" to "158" inside TGroupBox.
Changed Top coord of TLabeledEdit from "40" to "26" inside TGroupBox.
Changed Left coord of TLabeledEdit from "16" to "14" inside TGroupBox.
Changed Top coord of TButton from "22" to "8" inside TGroupBox.
Changed Left coord of TButton from "16" to "14" inside TGroupBox.
* Reparando unidades usadas para o arquivo C:\Projetos\Segurança\Controle Contra Cópia\Lazarus\Unit1.pas *
* Reparando unidades usadas para o arquivo C:\Projetos\Segurança\Controle Contra Cópia\Lazarus\Biblioteca.pas *
A conversão levou: 00:00:10
Conversão Pronta.
