* Convertendo arquivo C:\Projetos\Segurança\Controle dos Dispositivos\Lazarus\Project1.dpr *
Adicionada definições -dBorland -dVer150 -dDelphi7 -dCompiler6_Up -dPUREPASCAL nas opções customizadas
Todos os arquivos de unidade encontrados
* Reparando unidades usadas para o arquivo C:\Projetos\Segurança\Controle dos Dispositivos\Lazarus\Project1.dpr *

*** Arquivos de unidade sendo convertidos pertencentes ao projeto/pacote ***
* Convertendo arquivo C:\Projetos\Segurança\Controle dos Dispositivos\Lazarus\Unit1.pas *
Codificação alterada de cp1252 para UTF-8
Unidade "Windows" substituída com "LCLIntf, LCLType, LMessages" na seção "uses".
* Convertendo arquivo C:\Projetos\Segurança\Controle dos Dispositivos\Lazarus\Biblioteca.pas *
Unidade "Windows" substituída com "LCLIntf, LCLType, LMessages" na seção "uses".
* Convertendo arquivo C:\Projetos\Segurança\Controle dos Dispositivos\Lazarus\ComputadorVO.pas *

*** Corriginfo unidades usadas e reparando arquivos de formulários ***
* Reparando arquivo formulário C:\Projetos\Segurança\Controle dos Dispositivos\Lazarus\Unit1.lfm *
Removed property "ExplicitHeight".
Removed property "ExplicitWidth".
Removed property "ExplicitTop".
Removed property "ExplicitLeft".
Removed property "ParentBackground".
Removed property "TextHeight".
Removed property "OldCreateOrder".
A conversão levou: 00:00:03
Conversão Pronta.
