* Convertendo arquivo C:\Projetos\Segurança\Controle de Pagamentos\Lazarus\Project1.dpr *
Adicionada definições -dBorland -dVer150 -dDelphi7 -dCompiler6_Up -dPUREPASCAL nas opções customizadas
Todos os arquivos de unidade encontrados
* Reparando unidades usadas para o arquivo C:\Projetos\Segurança\Controle de Pagamentos\Lazarus\Project1.dpr *

*** Arquivos de unidade sendo convertidos pertencentes ao projeto/pacote ***
* Convertendo arquivo C:\Projetos\Segurança\Controle de Pagamentos\Lazarus\Unit1.pas *
Codificação alterada de cp1252 para UTF-8
Unidade "SqlExpr" substituída com "sqldb" na seção "uses".
Unidade "Windows" substituída com "LCLIntf, LCLType, LMessages" na seção "uses".
* Convertendo arquivo C:\Projetos\Segurança\Controle de Pagamentos\Lazarus\Biblioteca.pas *
Unidade "Windows" substituída com "LCLIntf, LCLType, LMessages" na seção "uses".

*** Corriginfo unidades usadas e reparando arquivos de formulários ***
* Reparando arquivo formulário C:\Projetos\Segurança\Controle de Pagamentos\Lazarus\Unit1.lfm *
Removed property "FixedChar".
Removed property "FixedChar".
Removed property "FixedChar".
Removed property "FixedChar".
Removed property "FixedChar".
Removed property "FixedChar".
Removed property "ParentBackground".
Removed property "TextHeight".
Removed property "OldCreateOrder".
Removed property "Data".
Removed property "StoreDefs".
Removed property "Params".
Removed property "Aggregates".
A conversão levou: 00:00:08
Conversão Pronta.
