* Convertendo arquivo C:\Projetos\Segurança\Controle Quantidade Lançamentos\Lazarus\Project1.dpr *
Adicionada definições -dBorland -dVer150 -dDelphi7 -dCompiler6_Up -dPUREPASCAL nas opções customizadas
Todos os arquivos de unidade encontrados
* Reparando unidades usadas para o arquivo C:\Projetos\Segurança\Controle Quantidade Lançamentos\Lazarus\Project1.dpr *

*** Arquivos de unidade sendo convertidos pertencentes ao projeto/pacote ***
* Convertendo arquivo C:\Projetos\Segurança\Controle Quantidade Lançamentos\Lazarus\Unit1.pas *
Codificação alterada de cp1252 para UTF-8
Unidade "Windows" substituída com "LCLIntf, LCLType, LMessages" na seção "uses".
* Convertendo arquivo C:\Projetos\Segurança\Controle Quantidade Lançamentos\Lazarus\Biblioteca.pas *
Unidade "Windows" substituída com "LCLIntf, LCLType, LMessages" na seção "uses".

*** Corriginfo unidades usadas e reparando arquivos de formulários ***
* Reparando arquivo formulário C:\Projetos\Segurança\Controle Quantidade Lançamentos\Lazarus\Unit1.lfm *
Replaced type "TSQLTable" with "TSQLQuery".
Added missing object "SQLTable1:TSQLTable" to pascal source.
Removed property "ParentBackground".
Removed property "TextHeight".
Removed property "OldCreateOrder".
Removed property "FixedChar".
Added missing object "SQLTable1f:TStringField" to pascal source.
Removed property "FixedChar".
Added missing object "SQLTable1e:TStringField" to pascal source.
Removed property "FixedChar".
Added missing object "SQLTable1d:TStringField" to pascal source.
Removed property "FixedChar".
Added missing object "SQLTable1c:TStringField" to pascal source.
Removed property "FixedChar".
Added missing object "SQLTable1b:TStringField" to pascal source.
Removed property "FixedChar".
Added missing object "SQLTable1a:TStringField" to pascal source.
Added missing object "SQLTable1id:TIntegerField" to pascal source.
Removed property "TableName".
Removed property "ZConnection".
Removed property "MaxBlobSize".
A conversão levou: 00:00:03
Conversão Pronta.
